Copyright 1986-2017 Xilinx, Inc. All Rights Reserved.
------------------------------------------------------------------------------------
| Tool Version : Vivado v.2017.2 (win64) Build 1909853 Thu Jun 15 18:39:09 MDT 2017
| Date         : Fri Dec  1 11:58:37 2017
| Host         : L3712-26 running 64-bit major release  (build 9200)
| Command      : upgrade_ip
| Device       : xc7z020clg484-1
------------------------------------------------------------------------------------

Upgrade Log for IP 'design_1_sobel_filter_0_0'

1. Summary
----------

SUCCESS in the upgrade of design_1_sobel_filter_0_0 (polymtl.ca:hls:sobel_filter:1.0) from (Rev. 1711271254) to (Rev. 1712011154)






Copyright 1986-2017 Xilinx, Inc. All Rights Reserved.
------------------------------------------------------------------------------------
| Tool Version : Vivado v.2017.2 (win64) Build 1909853 Thu Jun 15 18:39:09 MDT 2017
| Date         : Mon Nov 27 12:54:59 2017
| Host         : L3712-11 running 64-bit major release  (build 9200)
| Command      : upgrade_ip
| Device       : xc7z020clg484-1
------------------------------------------------------------------------------------

Upgrade Log for IP 'design_1_sobel_filter_0_0'

1. Summary
----------

SUCCESS in the upgrade of design_1_sobel_filter_0_0 (polymtl.ca:hls:sobel_filter:1.0) from (Rev. 1711241841) to (Rev. 1711271254)






Copyright 1986-2017 Xilinx, Inc. All Rights Reserved.
------------------------------------------------------------------------------------
| Tool Version : Vivado v.2017.2 (win64) Build 1909853 Thu Jun 15 18:39:09 MDT 2017
| Date         : Fri Nov 24 18:41:57 2017
| Host         : L3712-09 running 64-bit major release  (build 9200)
| Command      : upgrade_ip
| Device       : xc7z020clg484-1
------------------------------------------------------------------------------------

Upgrade Log for IP 'design_1_sobel_filter_0_0'

1. Summary
----------

SUCCESS in the upgrade of design_1_sobel_filter_0_0 (polymtl.ca:hls:sobel_filter:1.0) from (Rev. 1711241810) to (Rev. 1711241841)






Copyright 1986-2017 Xilinx, Inc. All Rights Reserved.
------------------------------------------------------------------------------------
| Tool Version : Vivado v.2017.2 (win64) Build 1909853 Thu Jun 15 18:39:09 MDT 2017
| Date         : Fri Nov 24 18:11:12 2017
| Host         : L3712-09 running 64-bit major release  (build 9200)
| Command      : upgrade_ip
| Device       : xc7z020clg484-1
------------------------------------------------------------------------------------

Upgrade Log for IP 'design_1_sobel_filter_0_0'

1. Summary
----------

SUCCESS in the upgrade of design_1_sobel_filter_0_0 (polymtl.ca:hls:sobel_filter:1.0) from (Rev. 1711241740) to (Rev. 1711241810)






Copyright 1986-2017 Xilinx, Inc. All Rights Reserved.
------------------------------------------------------------------------------------
| Tool Version : Vivado v.2017.2 (win64) Build 1909853 Thu Jun 15 18:39:09 MDT 2017
| Date         : Fri Nov 24 17:42:47 2017
| Host         : L3712-09 running 64-bit major release  (build 9200)
| Command      : upgrade_ip
| Device       : xc7z020clg484-1
------------------------------------------------------------------------------------

Upgrade Log for IP 'design_1_sobel_filter_0_0'

1. Summary
----------

SUCCESS in the upgrade of design_1_sobel_filter_0_0 (polymtl.ca:hls:sobel_filter:1.0) from (Rev. 1711241640) to (Rev. 1711241740)






Copyright 1986-2017 Xilinx, Inc. All Rights Reserved.
------------------------------------------------------------------------------------
| Tool Version : Vivado v.2017.2 (win64) Build 1909853 Thu Jun 15 18:39:09 MDT 2017
| Date         : Fri Nov 24 16:41:51 2017
| Host         : L3712-09 running 64-bit major release  (build 9200)
| Command      : upgrade_ip
| Device       : xc7z020clg484-1
------------------------------------------------------------------------------------

Upgrade Log for IP 'design_1_sobel_filter_0_0'

1. Summary
----------

SUCCESS in the upgrade of design_1_sobel_filter_0_0 (polymtl.ca:hls:sobel_filter:1.0) from (Rev. 1711241343) to (Rev. 1711241640)

