#-----------------------------------------------------------
# Vivado v2017.2 (64-bit)
# SW Build 1909853 on Thu Jun 15 18:39:09 MDT 2017
# IP Build 1909766 on Thu Jun 15 19:58:00 MDT 2017
# Start of session at: Fri Nov 24 12:54:49 2017
# Process ID: 8672
# Current directory: C:/TEMP/Labo4/lab4
# Command line: vivado.exe -gui_launcher_event rodinguilauncherevent10584 C:\TEMP\Labo4\lab4\lab4.xpr
# Log file: C:/TEMP/Labo4/lab4/vivado.log
# Journal file: C:/TEMP/Labo4/lab4\vivado.jou
#-----------------------------------------------------------
start_gui
open_project C:/TEMP/Labo4/lab4/lab4.xpr
INFO: [Project 1-313] Project file moved from 'C:/TEMP/3610_4/1788287_1799919/lab4' since last save.
Scanning sources...
Finished scanning sources
INFO: [IP_Flow 19-234] Refreshing IP repositories
INFO: [IP_Flow 19-1700] Loaded user IP repository 'c:/TEMP/Labo4/ip_repo'.
INFO: [IP_Flow 19-2313] Loaded Vivado IP repository 'C:/Logiciels/Xilinx/Vivado/2017.2/data/ip'.
open_project: Time (s): cpu = 00:00:23 ; elapsed = 00:00:21 . Memory (MB): peak = 830.262 ; gain = 105.156
update_compile_order -fileset sources_1
launch_sdk -workspace C:/TEMP/Labo4/lab4/lab4.sdk -hwspec C:/TEMP/Labo4/lab4/lab4.sdk/design_1_wrapper.hdf
INFO: [Vivado 12-393] Launching SDK...
INFO: [Vivado 12-417] Running xsdk -workspace C:/TEMP/Labo4/lab4/lab4.sdk -hwspec C:/TEMP/Labo4/lab4/lab4.sdk/design_1_wrapper.hdf
INFO: [Vivado 12-3157] SDK launch initiated. Please check console for any further messages.
exit
INFO: [Common 17-206] Exiting Vivado at Fri Nov 24 13:08:07 2017...
