INFO: [HLS 200-10] Running 'C:/Xilinx/Vivado/2017.3/bin/unwrapped/win64.o/vivado_hls.exe'
INFO: [HLS 200-10] For user 'Félix' on host 'hurricane-pc' (Windows NT_amd64 version 6.2) on Sat Nov 25 01:13:51 -0500 2017
INFO: [HLS 200-10] In directory 'D:/Polytechnique/A17/INF3610/INF3610/Labo4'
INFO: [HLS 200-10] Opening project 'D:/Polytechnique/A17/INF3610/INF3610/Labo4/TestSobelLab4'.
INFO: [HLS 200-10] Opening solution 'D:/Polytechnique/A17/INF3610/INF3610/Labo4/TestSobelLab4/solution1'.
INFO: [SYN 201-201] Setting up clock 'default' with a period of 10ns.
INFO: [HLS 200-10] Setting target device to 'xc7z020clg484-1'
INFO: [SIM 211-2] *************** CSIM start ***************
INFO: [SIM 211-4] CSIM will launch GCC as the compiler.
make: `csim.exe' is up to date.
@E Simulation failed: SIGSEGV.
ERROR: [SIM 211-100] CSim failed with errors.
INFO: [SIM 211-3] *************** CSIM finish ***************
4
    while executing
"source D:/Polytechnique/A17/INF3610/INF3610/Labo4/TestSobelLab4/solution1/csim.tcl"
    invoked from within
"hls::main D:/Polytechnique/A17/INF3610/INF3610/Labo4/TestSobelLab4/solution1/csim.tcl"
    ("uplevel" body line 1)
    invoked from within
"uplevel 1 hls::main {*}$args"
    (procedure "hls_proc" line 5)
    invoked from within
"hls_proc $argv"
