13:09:11 INFO  : Registering command handlers for SDK TCF services
13:09:11 INFO  : Launching XSCT server: xsct.bat -interactive C:\TEMP\INF3610\Labo4\lab4\lab4.sdk\temp_xsdb_launch_script.tcl
13:09:13 INFO  : XSCT server has started successfully.
13:09:13 INFO  : Successfully done setting XSCT server connection channel  
13:09:17 INFO  : Successfully done setting SDK workspace  
13:09:17 INFO  : Processing command line option -hwspec C:/TEMP/INF3610/Labo4/lab4/lab4.sdk/design_1_wrapper.hdf.
13:12:44 INFO  : Connected to target on host '127.0.0.1' and port '3121'.
13:12:44 INFO  : 'targets -set -filter {jtag_cable_name =~ "Digilent Zed 210248684749" && level==0} -index 1' command is executed.
13:12:47 INFO  : FPGA configured successfully with bitstream "C:/TEMP/INF3610/Labo4/lab4/lab4.sdk/design_1_wrapper_hw_platform_0/design_1_wrapper.bit"
13:13:47 INFO  : Connected to target on host '127.0.0.1' and port '3121'.
13:13:47 INFO  : 'targets -set -filter {jtag_cable_name =~ "Digilent Zed 210248684749" && level==0} -index 1' command is executed.
13:13:49 INFO  : FPGA configured successfully with bitstream "C:/TEMP/INF3610/Labo4/lab4/lab4.sdk/design_1_wrapper_hw_platform_0/design_1_wrapper.bit"
13:14:28 INFO  : 'targets -set -filter {jtag_cable_name =~ "Digilent Zed 210248684749" && level==0} -index 1' command is executed.
13:14:28 INFO  : 'fpga -state' command is executed.
13:14:28 INFO  : Connected to target on host '127.0.0.1' and port '3121'.
13:14:29 INFO  : Jtag cable 'Digilent Zed 210248684749' is selected.
13:14:29 INFO  : 'jtag frequency' command is executed.
13:14:29 INFO  : Sourcing of 'C:/TEMP/INF3610/Labo4/lab4/lab4.sdk/design_1_wrapper_hw_platform_0/ps7_init.tcl' is done.
13:14:29 INFO  : Context for 'APU' is selected.
13:14:29 INFO  : Hardware design information is loaded from 'C:/TEMP/INF3610/Labo4/lab4/lab4.sdk/design_1_wrapper_hw_platform_0/system.hdf'.
13:14:29 INFO  : 'configparams force-mem-access 1' command is executed.
13:14:29 INFO  : Context for 'APU' is selected.
13:14:29 INFO  : 'stop' command is executed.
13:14:31 INFO  : 'ps7_init' command is executed.
13:14:31 INFO  : 'ps7_post_config' command is executed.
13:14:31 INFO  : Context for processor 'ps7_cortexa9_0' is selected.
13:14:32 INFO  : Processor reset is completed for 'ps7_cortexa9_0'.
13:14:32 INFO  : Context for processor 'ps7_cortexa9_0' is selected.
13:14:34 ERROR : Memory write error at 0x100000. AP transaction timeout
13:14:34 INFO  : ----------------XSDB Script----------------
connect -url tcp:127.0.0.1:3121
source C:/TEMP/INF3610/Labo4/lab4/lab4.sdk/design_1_wrapper_hw_platform_0/ps7_init.tcl
targets -set -nocase -filter {name =~"APU*" && jtag_cable_name =~ "Digilent Zed 210248684749"} -index 0
loadhw -hw C:/TEMP/INF3610/Labo4/lab4/lab4.sdk/design_1_wrapper_hw_platform_0/system.hdf -mem-ranges [list {0x40000000 0xbfffffff}]
configparams force-mem-access 1
targets -set -nocase -filter {name =~"APU*" && jtag_cable_name =~ "Digilent Zed 210248684749"} -index 0
stop
ps7_init
ps7_post_config
targets -set -nocase -filter {name =~ "ARM*#0" && jtag_cable_name =~ "Digilent Zed 210248684749"} -index 0
rst -processor
targets -set -nocase -filter {name =~ "ARM*#0" && jtag_cable_name =~ "Digilent Zed 210248684749"} -index 0
dow C:/TEMP/INF3610/Labo4/lab4/lab4.sdk/Lab4/Debug/Lab4.elf
----------------End of Script----------------

13:14:46 INFO  : Connected to target on host '127.0.0.1' and port '3121'.
13:14:46 INFO  : 'targets -set -filter {jtag_cable_name =~ "Digilent Zed 210248684749" && level==0} -index 1' command is executed.
13:14:48 INFO  : FPGA configured successfully with bitstream "C:/TEMP/INF3610/Labo4/lab4/lab4.sdk/design_1_wrapper_hw_platform_0/design_1_wrapper.bit"
13:14:58 INFO  : 'targets -set -filter {jtag_cable_name =~ "Digilent Zed 210248684749" && level==0} -index 1' command is executed.
13:14:58 INFO  : 'fpga -state' command is executed.
13:14:58 INFO  : Connected to target on host '127.0.0.1' and port '3121'.
13:14:59 INFO  : Jtag cable 'Digilent Zed 210248684749' is selected.
13:14:59 INFO  : 'jtag frequency' command is executed.
13:14:59 INFO  : Sourcing of 'C:/TEMP/INF3610/Labo4/lab4/lab4.sdk/design_1_wrapper_hw_platform_0/ps7_init.tcl' is done.
13:14:59 INFO  : Context for 'APU' is selected.
13:14:59 INFO  : Hardware design information is loaded from 'C:/TEMP/INF3610/Labo4/lab4/lab4.sdk/design_1_wrapper_hw_platform_0/system.hdf'.
13:14:59 INFO  : 'configparams force-mem-access 1' command is executed.
13:14:59 INFO  : Context for 'APU' is selected.
13:14:59 INFO  : 'stop' command is executed.
13:14:59 INFO  : 'ps7_init' command is executed.
13:14:59 INFO  : 'ps7_post_config' command is executed.
13:14:59 INFO  : Context for processor 'ps7_cortexa9_0' is selected.
13:15:00 INFO  : Processor reset is completed for 'ps7_cortexa9_0'.
13:15:00 INFO  : Context for processor 'ps7_cortexa9_0' is selected.
13:15:00 INFO  : The application 'C:/TEMP/INF3610/Labo4/lab4/lab4.sdk/Lab4/Debug/Lab4.elf' is downloaded to processor 'ps7_cortexa9_0'.
13:15:00 INFO  : 'configparams force-mem-access 0' command is executed.
13:15:00 INFO  : ----------------XSDB Script----------------
connect -url tcp:127.0.0.1:3121
source C:/TEMP/INF3610/Labo4/lab4/lab4.sdk/design_1_wrapper_hw_platform_0/ps7_init.tcl
targets -set -nocase -filter {name =~"APU*" && jtag_cable_name =~ "Digilent Zed 210248684749"} -index 0
loadhw -hw C:/TEMP/INF3610/Labo4/lab4/lab4.sdk/design_1_wrapper_hw_platform_0/system.hdf -mem-ranges [list {0x40000000 0xbfffffff}]
configparams force-mem-access 1
targets -set -nocase -filter {name =~"APU*" && jtag_cable_name =~ "Digilent Zed 210248684749"} -index 0
stop
ps7_init
ps7_post_config
targets -set -nocase -filter {name =~ "ARM*#0" && jtag_cable_name =~ "Digilent Zed 210248684749"} -index 0
rst -processor
targets -set -nocase -filter {name =~ "ARM*#0" && jtag_cable_name =~ "Digilent Zed 210248684749"} -index 0
dow C:/TEMP/INF3610/Labo4/lab4/lab4.sdk/Lab4/Debug/Lab4.elf
configparams force-mem-access 0
----------------End of Script----------------

13:15:00 INFO  : Memory regions updated for context APU
13:15:01 INFO  : Context for processor 'ps7_cortexa9_0' is selected.
13:15:01 INFO  : 'con' command is executed.
13:15:01 INFO  : ----------------XSDB Script (After Launch)----------------
targets -set -nocase -filter {name =~ "ARM*#0" && jtag_cable_name =~ "Digilent Zed 210248684749"} -index 0
con
----------------End of Script----------------

13:15:01 INFO  : Launch script is exported to file 'C:\TEMP\INF3610\Labo4\lab4\lab4.sdk\.sdk\launch_scripts\xilinx_c-c++_application_(system_debugger)\system_debugger_using_debug_lab4.elf_on_local.tcl'
13:16:13 INFO  : Disconnected from the channel tcfchan#1.
13:16:14 INFO  : 'targets -set -filter {jtag_cable_name =~ "Digilent Zed 210248684749" && level==0} -index 1' command is executed.
13:16:14 INFO  : 'fpga -state' command is executed.
13:16:14 INFO  : Connected to target on host '127.0.0.1' and port '3121'.
13:16:14 INFO  : Jtag cable 'Digilent Zed 210248684749' is selected.
13:16:14 INFO  : 'jtag frequency' command is executed.
13:16:14 INFO  : Sourcing of 'C:/TEMP/INF3610/Labo4/lab4/lab4.sdk/design_1_wrapper_hw_platform_0/ps7_init.tcl' is done.
13:16:14 INFO  : Context for 'APU' is selected.
13:16:17 INFO  : Hardware design information is loaded from 'C:/TEMP/INF3610/Labo4/lab4/lab4.sdk/design_1_wrapper_hw_platform_0/system.hdf'.
13:16:17 INFO  : 'configparams force-mem-access 1' command is executed.
13:16:17 INFO  : Context for 'APU' is selected.
13:16:17 INFO  : 'stop' command is executed.
13:16:18 INFO  : 'ps7_init' command is executed.
13:16:18 INFO  : 'ps7_post_config' command is executed.
13:16:18 INFO  : Context for processor 'ps7_cortexa9_0' is selected.
13:16:18 INFO  : Processor reset is completed for 'ps7_cortexa9_0'.
13:16:18 INFO  : Context for processor 'ps7_cortexa9_0' is selected.
13:16:19 INFO  : The application 'C:/TEMP/INF3610/Labo4/lab4/lab4.sdk/Lab4/Debug/Lab4.elf' is downloaded to processor 'ps7_cortexa9_0'.
13:16:19 INFO  : 'configparams force-mem-access 0' command is executed.
13:16:19 INFO  : ----------------XSDB Script----------------
connect -url tcp:127.0.0.1:3121
source C:/TEMP/INF3610/Labo4/lab4/lab4.sdk/design_1_wrapper_hw_platform_0/ps7_init.tcl
targets -set -nocase -filter {name =~"APU*" && jtag_cable_name =~ "Digilent Zed 210248684749"} -index 0
loadhw -hw C:/TEMP/INF3610/Labo4/lab4/lab4.sdk/design_1_wrapper_hw_platform_0/system.hdf -mem-ranges [list {0x40000000 0xbfffffff}]
configparams force-mem-access 1
targets -set -nocase -filter {name =~"APU*" && jtag_cable_name =~ "Digilent Zed 210248684749"} -index 0
stop
ps7_init
ps7_post_config
targets -set -nocase -filter {name =~ "ARM*#0" && jtag_cable_name =~ "Digilent Zed 210248684749"} -index 0
rst -processor
targets -set -nocase -filter {name =~ "ARM*#0" && jtag_cable_name =~ "Digilent Zed 210248684749"} -index 0
dow C:/TEMP/INF3610/Labo4/lab4/lab4.sdk/Lab4/Debug/Lab4.elf
configparams force-mem-access 0
----------------End of Script----------------

13:16:19 INFO  : Memory regions updated for context APU
13:16:19 INFO  : Context for processor 'ps7_cortexa9_0' is selected.
13:16:19 INFO  : 'con' command is executed.
13:16:19 INFO  : ----------------XSDB Script (After Launch)----------------
targets -set -nocase -filter {name =~ "ARM*#0" && jtag_cable_name =~ "Digilent Zed 210248684749"} -index 0
con
----------------End of Script----------------

13:16:19 INFO  : Launch script is exported to file 'C:\TEMP\INF3610\Labo4\lab4\lab4.sdk\.sdk\launch_scripts\xilinx_c-c++_application_(system_debugger)\system_debugger_using_debug_lab4.elf_on_local.tcl'
13:16:24 INFO  : Connected to target on host '127.0.0.1' and port '3121'.
13:16:24 INFO  : 'targets -set -filter {jtag_cable_name =~ "Digilent Zed 210248684749" && level==0} -index 1' command is executed.
13:16:27 INFO  : FPGA configured successfully with bitstream "C:/TEMP/INF3610/Labo4/lab4/lab4.sdk/design_1_wrapper_hw_platform_0/design_1_wrapper.bit"
13:16:48 INFO  : Disconnected from the channel tcfchan#2.
13:16:49 INFO  : 'targets -set -filter {jtag_cable_name =~ "Digilent Zed 210248684749" && level==0} -index 1' command is executed.
13:16:49 INFO  : 'fpga -state' command is executed.
13:16:49 INFO  : Connected to target on host '127.0.0.1' and port '3121'.
13:16:49 INFO  : Jtag cable 'Digilent Zed 210248684749' is selected.
13:16:49 INFO  : 'jtag frequency' command is executed.
13:16:49 INFO  : Sourcing of 'C:/TEMP/INF3610/Labo4/lab4/lab4.sdk/design_1_wrapper_hw_platform_0/ps7_init.tcl' is done.
13:16:49 INFO  : Context for 'APU' is selected.
13:16:52 INFO  : Hardware design information is loaded from 'C:/TEMP/INF3610/Labo4/lab4/lab4.sdk/design_1_wrapper_hw_platform_0/system.hdf'.
13:16:52 INFO  : 'configparams force-mem-access 1' command is executed.
13:16:52 INFO  : Context for 'APU' is selected.
13:16:52 INFO  : 'stop' command is executed.
13:16:53 INFO  : 'ps7_init' command is executed.
13:16:53 INFO  : 'ps7_post_config' command is executed.
13:16:53 INFO  : Context for processor 'ps7_cortexa9_0' is selected.
13:16:53 INFO  : Processor reset is completed for 'ps7_cortexa9_0'.
13:16:53 INFO  : Context for processor 'ps7_cortexa9_0' is selected.
13:16:54 INFO  : The application 'C:/TEMP/INF3610/Labo4/lab4/lab4.sdk/Lab4/Debug/Lab4.elf' is downloaded to processor 'ps7_cortexa9_0'.
13:16:54 INFO  : 'configparams force-mem-access 0' command is executed.
13:16:54 INFO  : ----------------XSDB Script----------------
connect -url tcp:127.0.0.1:3121
source C:/TEMP/INF3610/Labo4/lab4/lab4.sdk/design_1_wrapper_hw_platform_0/ps7_init.tcl
targets -set -nocase -filter {name =~"APU*" && jtag_cable_name =~ "Digilent Zed 210248684749"} -index 0
loadhw -hw C:/TEMP/INF3610/Labo4/lab4/lab4.sdk/design_1_wrapper_hw_platform_0/system.hdf -mem-ranges [list {0x40000000 0xbfffffff}]
configparams force-mem-access 1
targets -set -nocase -filter {name =~"APU*" && jtag_cable_name =~ "Digilent Zed 210248684749"} -index 0
stop
ps7_init
ps7_post_config
targets -set -nocase -filter {name =~ "ARM*#0" && jtag_cable_name =~ "Digilent Zed 210248684749"} -index 0
rst -processor
targets -set -nocase -filter {name =~ "ARM*#0" && jtag_cable_name =~ "Digilent Zed 210248684749"} -index 0
dow C:/TEMP/INF3610/Labo4/lab4/lab4.sdk/Lab4/Debug/Lab4.elf
configparams force-mem-access 0
----------------End of Script----------------

13:16:54 INFO  : Memory regions updated for context APU
13:16:54 INFO  : Context for processor 'ps7_cortexa9_0' is selected.
13:16:54 INFO  : 'con' command is executed.
13:16:54 INFO  : ----------------XSDB Script (After Launch)----------------
targets -set -nocase -filter {name =~ "ARM*#0" && jtag_cable_name =~ "Digilent Zed 210248684749"} -index 0
con
----------------End of Script----------------

13:16:54 INFO  : Launch script is exported to file 'C:\TEMP\INF3610\Labo4\lab4\lab4.sdk\.sdk\launch_scripts\xilinx_c-c++_application_(system_debugger)\system_debugger_using_debug_lab4.elf_on_local.tcl'
12:04:33 INFO  : Registering command handlers for SDK TCF services
12:04:33 INFO  : Launching XSCT server: xsct.bat -interactive C:\TEMP\INF3610\Labo4\lab4\lab4.sdk\temp_xsdb_launch_script.tcl
12:04:34 INFO  : XSCT server has started successfully.
12:04:36 INFO  : Successfully done setting XSCT server connection channel  
12:04:36 INFO  : Successfully done setting SDK workspace  
12:04:36 INFO  : Processing command line option -hwspec C:/TEMP/INF3610/Labo4/lab4/lab4.sdk/design_1_wrapper.hdf.
12:08:23 INFO  : SDK has detected change in the last modified timestamps for source hardware specification file Source:1512147905407,  Project:1512146282576
12:08:23 INFO  : Project design_1_wrapper_hw_platform_0's source hardware specification located at C:/TEMP/INF3610/Labo4/lab4/lab4.sdk/design_1_wrapper.hdf is now different from the local copy.
		 The local copy will be replaced with the source specification and your workspace will be updated.
12:08:27 INFO  : Copied contents of C:/TEMP/INF3610/Labo4/lab4/lab4.sdk/design_1_wrapper.hdf into \design_1_wrapper_hw_platform_0\system.hdf.
12:08:31 INFO  : Synchronizing projects in the workspace with the hardware platform specification changes.
12:08:32 ERROR : (XSDB Server)ERROR: [Hsi 55-1433] Error boost::filesystem::remove: Le répertoire n’est pas vide: "C:\TEMP\INF3610\Labo4\lab4\lab4.sdk\standalone_bsp_0/ps7_cortexa9_0\libsrc\standalone_v6_3"

12:08:32 ERROR : (XSDB Server)ERROR: [Hsi 55-1450] Error: running generate_bsp.

12:08:32 ERROR : Failed to call sync_sw_with_hw_change
Reason: ERROR: [Common 17-39] 'hsi::generate_bsp' failed due to earlier errors.

12:08:32 ERROR : Error updating BSP project MSS files.
12:08:32 INFO  : Updating hardware inferred compiler options for Lab4.
12:08:32 INFO  : Clearing existing target manager status.
12:09:34 INFO  : Connected to target on host '127.0.0.1' and port '3121'.
12:09:56 INFO  : Connected to target on host '127.0.0.1' and port '3121'.
12:09:56 INFO  : 'targets -set -filter {jtag_cable_name =~ "Digilent Zed 210248684972" && level==0} -index 1' command is executed.
12:09:59 INFO  : FPGA configured successfully with bitstream "C:/TEMP/INF3610/Labo4/lab4/lab4.sdk/design_1_wrapper_hw_platform_0/design_1_wrapper.bit"
12:10:02 INFO  : 'targets -set -filter {jtag_cable_name =~ "Digilent Zed 210248684972" && level==0} -index 1' command is executed.
12:10:02 INFO  : 'fpga -state' command is executed.
12:10:02 INFO  : Connected to target on host '127.0.0.1' and port '3121'.
12:10:02 INFO  : Jtag cable 'Digilent Zed 210248684972' is selected.
12:10:02 INFO  : 'jtag frequency' command is executed.
12:10:02 INFO  : Sourcing of 'C:/TEMP/INF3610/Labo4/lab4/lab4.sdk/design_1_wrapper_hw_platform_0/ps7_init.tcl' is done.
12:10:02 INFO  : Context for 'APU' is selected.
12:10:02 INFO  : Hardware design information is loaded from 'C:/TEMP/INF3610/Labo4/lab4/lab4.sdk/design_1_wrapper_hw_platform_0/system.hdf'.
12:10:02 INFO  : 'configparams force-mem-access 1' command is executed.
12:10:02 INFO  : Context for 'APU' is selected.
12:10:02 INFO  : 'stop' command is executed.
12:10:03 INFO  : 'ps7_init' command is executed.
12:10:03 INFO  : 'ps7_post_config' command is executed.
12:10:03 INFO  : Context for processor 'ps7_cortexa9_0' is selected.
12:10:03 INFO  : Processor reset is completed for 'ps7_cortexa9_0'.
12:10:03 INFO  : Context for processor 'ps7_cortexa9_0' is selected.
12:10:03 INFO  : The application 'C:/TEMP/INF3610/Labo4/lab4/lab4.sdk/Lab4/Debug/Lab4.elf' is downloaded to processor 'ps7_cortexa9_0'.
12:10:03 INFO  : 'configparams force-mem-access 0' command is executed.
12:10:03 INFO  : ----------------XSDB Script----------------
connect -url tcp:127.0.0.1:3121
source C:/TEMP/INF3610/Labo4/lab4/lab4.sdk/design_1_wrapper_hw_platform_0/ps7_init.tcl
targets -set -nocase -filter {name =~"APU*" && jtag_cable_name =~ "Digilent Zed 210248684972"} -index 0
loadhw -hw C:/TEMP/INF3610/Labo4/lab4/lab4.sdk/design_1_wrapper_hw_platform_0/system.hdf -mem-ranges [list {0x40000000 0xbfffffff}]
configparams force-mem-access 1
targets -set -nocase -filter {name =~"APU*" && jtag_cable_name =~ "Digilent Zed 210248684972"} -index 0
stop
ps7_init
ps7_post_config
targets -set -nocase -filter {name =~ "ARM*#0" && jtag_cable_name =~ "Digilent Zed 210248684972"} -index 0
rst -processor
targets -set -nocase -filter {name =~ "ARM*#0" && jtag_cable_name =~ "Digilent Zed 210248684972"} -index 0
dow C:/TEMP/INF3610/Labo4/lab4/lab4.sdk/Lab4/Debug/Lab4.elf
configparams force-mem-access 0
----------------End of Script----------------

12:10:03 INFO  : Memory regions updated for context APU
12:10:03 INFO  : Context for processor 'ps7_cortexa9_0' is selected.
12:10:03 INFO  : 'con' command is executed.
12:10:03 INFO  : ----------------XSDB Script (After Launch)----------------
targets -set -nocase -filter {name =~ "ARM*#0" && jtag_cable_name =~ "Digilent Zed 210248684972"} -index 0
con
----------------End of Script----------------

12:10:03 INFO  : Launch script is exported to file 'C:\TEMP\INF3610\Labo4\lab4\lab4.sdk\.sdk\launch_scripts\xilinx_c-c++_application_(system_debugger)\system_debugger_using_debug_lab4.elf_on_local.tcl'
12:11:54 INFO  : Refreshed build settings on project Lab4
12:12:30 INFO  : Connected to target on host '127.0.0.1' and port '3121'.
12:12:30 INFO  : 'targets -set -filter {jtag_cable_name =~ "Digilent Zed 210248684972" && level==0} -index 1' command is executed.
12:12:32 INFO  : FPGA configured successfully with bitstream "C:/TEMP/INF3610/Labo4/lab4/lab4.sdk/design_1_wrapper_hw_platform_0/design_1_wrapper.bit"
12:12:36 INFO  : Disconnected from the channel tcfchan#1.
12:12:37 INFO  : 'targets -set -filter {jtag_cable_name =~ "Digilent Zed 210248684972" && level==0} -index 1' command is executed.
12:12:37 INFO  : 'fpga -state' command is executed.
12:12:37 INFO  : Connected to target on host '127.0.0.1' and port '3121'.
12:12:37 INFO  : Jtag cable 'Digilent Zed 210248684972' is selected.
12:12:37 INFO  : 'jtag frequency' command is executed.
12:12:37 INFO  : Sourcing of 'C:/TEMP/INF3610/Labo4/lab4/lab4.sdk/design_1_wrapper_hw_platform_0/ps7_init.tcl' is done.
12:12:37 INFO  : Context for 'APU' is selected.
12:12:39 INFO  : Hardware design information is loaded from 'C:/TEMP/INF3610/Labo4/lab4/lab4.sdk/design_1_wrapper_hw_platform_0/system.hdf'.
12:12:39 INFO  : 'configparams force-mem-access 1' command is executed.
12:12:39 INFO  : Context for 'APU' is selected.
12:12:39 INFO  : 'stop' command is executed.
12:12:39 INFO  : 'ps7_init' command is executed.
12:12:39 INFO  : 'ps7_post_config' command is executed.
12:12:39 INFO  : Context for processor 'ps7_cortexa9_0' is selected.
12:12:39 INFO  : Processor reset is completed for 'ps7_cortexa9_0'.
12:12:39 INFO  : Context for processor 'ps7_cortexa9_0' is selected.
12:12:40 INFO  : The application 'C:/TEMP/INF3610/Labo4/lab4/lab4.sdk/Lab4/Debug/Lab4.elf' is downloaded to processor 'ps7_cortexa9_0'.
12:12:40 INFO  : 'configparams force-mem-access 0' command is executed.
12:12:40 INFO  : ----------------XSDB Script----------------
connect -url tcp:127.0.0.1:3121
source C:/TEMP/INF3610/Labo4/lab4/lab4.sdk/design_1_wrapper_hw_platform_0/ps7_init.tcl
targets -set -nocase -filter {name =~"APU*" && jtag_cable_name =~ "Digilent Zed 210248684972"} -index 0
loadhw -hw C:/TEMP/INF3610/Labo4/lab4/lab4.sdk/design_1_wrapper_hw_platform_0/system.hdf -mem-ranges [list {0x40000000 0xbfffffff}]
configparams force-mem-access 1
targets -set -nocase -filter {name =~"APU*" && jtag_cable_name =~ "Digilent Zed 210248684972"} -index 0
stop
ps7_init
ps7_post_config
targets -set -nocase -filter {name =~ "ARM*#0" && jtag_cable_name =~ "Digilent Zed 210248684972"} -index 0
rst -processor
targets -set -nocase -filter {name =~ "ARM*#0" && jtag_cable_name =~ "Digilent Zed 210248684972"} -index 0
dow C:/TEMP/INF3610/Labo4/lab4/lab4.sdk/Lab4/Debug/Lab4.elf
configparams force-mem-access 0
----------------End of Script----------------

12:12:40 INFO  : Memory regions updated for context APU
12:12:40 INFO  : Context for processor 'ps7_cortexa9_0' is selected.
12:12:40 INFO  : 'con' command is executed.
12:12:40 INFO  : ----------------XSDB Script (After Launch)----------------
targets -set -nocase -filter {name =~ "ARM*#0" && jtag_cable_name =~ "Digilent Zed 210248684972"} -index 0
con
----------------End of Script----------------

12:12:40 INFO  : Launch script is exported to file 'C:\TEMP\INF3610\Labo4\lab4\lab4.sdk\.sdk\launch_scripts\xilinx_c-c++_application_(system_debugger)\system_debugger_using_debug_lab4.elf_on_local.tcl'
12:15:42 INFO  : Connected to target on host '127.0.0.1' and port '3121'.
12:15:42 INFO  : 'targets -set -filter {jtag_cable_name =~ "Digilent Zed 210248684972" && level==0} -index 1' command is executed.
12:15:44 INFO  : FPGA configured successfully with bitstream "C:/TEMP/INF3610/Labo4/lab4/lab4.sdk/design_1_wrapper_hw_platform_0/design_1_wrapper.bit"
12:16:25 INFO  : Disconnected from the channel tcfchan#2.
12:16:26 INFO  : 'targets -set -filter {jtag_cable_name =~ "Digilent Zed 210248684972" && level==0} -index 1' command is executed.
12:16:26 INFO  : 'fpga -state' command is executed.
12:16:26 INFO  : Connected to target on host '127.0.0.1' and port '3121'.
12:16:27 INFO  : Jtag cable 'Digilent Zed 210248684972' is selected.
12:16:27 INFO  : 'jtag frequency' command is executed.
12:16:27 INFO  : Sourcing of 'C:/TEMP/INF3610/Labo4/lab4/lab4.sdk/design_1_wrapper_hw_platform_0/ps7_init.tcl' is done.
12:16:27 INFO  : Context for 'APU' is selected.
12:16:27 INFO  : Hardware design information is loaded from 'C:/TEMP/INF3610/Labo4/lab4/lab4.sdk/design_1_wrapper_hw_platform_0/system.hdf'.
12:16:27 INFO  : 'configparams force-mem-access 1' command is executed.
12:16:27 INFO  : Context for 'APU' is selected.
12:16:27 INFO  : 'stop' command is executed.
12:16:28 INFO  : 'ps7_init' command is executed.
12:16:28 INFO  : 'ps7_post_config' command is executed.
12:16:28 INFO  : Context for processor 'ps7_cortexa9_0' is selected.
12:16:28 INFO  : Processor reset is completed for 'ps7_cortexa9_0'.
12:16:28 INFO  : Context for processor 'ps7_cortexa9_0' is selected.
12:16:30 ERROR : Memory write error at 0x100000. AP transaction timeout
12:16:30 INFO  : ----------------XSDB Script----------------
connect -url tcp:127.0.0.1:3121
source C:/TEMP/INF3610/Labo4/lab4/lab4.sdk/design_1_wrapper_hw_platform_0/ps7_init.tcl
targets -set -nocase -filter {name =~"APU*" && jtag_cable_name =~ "Digilent Zed 210248684972"} -index 0
loadhw -hw C:/TEMP/INF3610/Labo4/lab4/lab4.sdk/design_1_wrapper_hw_platform_0/system.hdf -mem-ranges [list {0x40000000 0xbfffffff}]
configparams force-mem-access 1
targets -set -nocase -filter {name =~"APU*" && jtag_cable_name =~ "Digilent Zed 210248684972"} -index 0
stop
ps7_init
ps7_post_config
targets -set -nocase -filter {name =~ "ARM*#0" && jtag_cable_name =~ "Digilent Zed 210248684972"} -index 0
rst -processor
targets -set -nocase -filter {name =~ "ARM*#0" && jtag_cable_name =~ "Digilent Zed 210248684972"} -index 0
dow C:/TEMP/INF3610/Labo4/lab4/lab4.sdk/Lab4/Debug/Lab4.elf
----------------End of Script----------------

12:16:40 INFO  : Connected to target on host '127.0.0.1' and port '3121'.
12:16:42 INFO  : 'targets -set -filter {jtag_cable_name =~ "Digilent Zed 210248684972" && level==0} -index 1' command is executed.
12:16:44 INFO  : FPGA configured successfully with bitstream "C:/TEMP/INF3610/Labo4/lab4/lab4.sdk/design_1_wrapper_hw_platform_0/design_1_wrapper.bit"
12:16:47 INFO  : 'targets -set -filter {jtag_cable_name =~ "Digilent Zed 210248684972" && level==0} -index 1' command is executed.
12:16:47 INFO  : 'fpga -state' command is executed.
12:16:47 INFO  : Connected to target on host '127.0.0.1' and port '3121'.
12:16:47 INFO  : Jtag cable 'Digilent Zed 210248684972' is selected.
12:16:47 INFO  : 'jtag frequency' command is executed.
12:16:47 INFO  : Sourcing of 'C:/TEMP/INF3610/Labo4/lab4/lab4.sdk/design_1_wrapper_hw_platform_0/ps7_init.tcl' is done.
12:16:47 INFO  : Context for 'APU' is selected.
12:16:47 INFO  : Hardware design information is loaded from 'C:/TEMP/INF3610/Labo4/lab4/lab4.sdk/design_1_wrapper_hw_platform_0/system.hdf'.
12:16:47 INFO  : 'configparams force-mem-access 1' command is executed.
12:16:47 INFO  : Context for 'APU' is selected.
12:16:47 INFO  : 'stop' command is executed.
12:16:47 INFO  : 'ps7_init' command is executed.
12:16:47 INFO  : 'ps7_post_config' command is executed.
12:16:47 INFO  : Context for processor 'ps7_cortexa9_0' is selected.
12:16:48 INFO  : Processor reset is completed for 'ps7_cortexa9_0'.
12:16:48 INFO  : Context for processor 'ps7_cortexa9_0' is selected.
12:16:48 INFO  : The application 'C:/TEMP/INF3610/Labo4/lab4/lab4.sdk/Lab4/Debug/Lab4.elf' is downloaded to processor 'ps7_cortexa9_0'.
12:16:48 INFO  : 'configparams force-mem-access 0' command is executed.
12:16:48 INFO  : ----------------XSDB Script----------------
connect -url tcp:127.0.0.1:3121
source C:/TEMP/INF3610/Labo4/lab4/lab4.sdk/design_1_wrapper_hw_platform_0/ps7_init.tcl
targets -set -nocase -filter {name =~"APU*" && jtag_cable_name =~ "Digilent Zed 210248684972"} -index 0
loadhw -hw C:/TEMP/INF3610/Labo4/lab4/lab4.sdk/design_1_wrapper_hw_platform_0/system.hdf -mem-ranges [list {0x40000000 0xbfffffff}]
configparams force-mem-access 1
targets -set -nocase -filter {name =~"APU*" && jtag_cable_name =~ "Digilent Zed 210248684972"} -index 0
stop
ps7_init
ps7_post_config
targets -set -nocase -filter {name =~ "ARM*#0" && jtag_cable_name =~ "Digilent Zed 210248684972"} -index 0
rst -processor
targets -set -nocase -filter {name =~ "ARM*#0" && jtag_cable_name =~ "Digilent Zed 210248684972"} -index 0
dow C:/TEMP/INF3610/Labo4/lab4/lab4.sdk/Lab4/Debug/Lab4.elf
configparams force-mem-access 0
----------------End of Script----------------

12:16:48 INFO  : Memory regions updated for context APU
12:16:48 INFO  : Context for processor 'ps7_cortexa9_0' is selected.
12:16:48 INFO  : 'con' command is executed.
12:16:48 INFO  : ----------------XSDB Script (After Launch)----------------
targets -set -nocase -filter {name =~ "ARM*#0" && jtag_cable_name =~ "Digilent Zed 210248684972"} -index 0
con
----------------End of Script----------------

12:16:48 INFO  : Launch script is exported to file 'C:\TEMP\INF3610\Labo4\lab4\lab4.sdk\.sdk\launch_scripts\xilinx_c-c++_application_(system_debugger)\system_debugger_using_debug_lab4.elf_on_local.tcl'
12:18:59 INFO  : Disconnected from the channel tcfchan#3.
12:19:00 ERROR : Unexpected error while parsing XMD response ?: com.google.gson.JsonSyntaxException: com.google.gson.stream.MalformedJsonException: invalid number or unquoted string near 
