#-----------------------------------------------------------
# Webtalk v2017.2 (64-bit)
# SW Build 1909853 on Thu Jun 15 18:39:09 MDT 2017
# 
# Start of session at: Fri Nov 10 15:52:15 2017
# Process ID: 19956
# Current directory: C:/TEMP/3610_4/1788287_1799919/lab4/lab4.sdk/webtalk
# Command line: wbtcv.exe -mode batch -source sdk_webtalk.tcl
# Log file: C:/TEMP/3610_4/1788287_1799919/lab4/lab4.sdk/webtalk/webtalk.log
# Journal file: C:/TEMP/3610_4/1788287_1799919/lab4/lab4.sdk/webtalk\webtalk.jou
#-----------------------------------------------------------
source sdk_webtalk.tcl
# webtalk_init -webtalk_dir C:\\TEMP\\3610_4\\1788287_1799919\\lab4\\lab4.sdk\\webtalk
# webtalk_register_client -client project
# webtalk_add_data -client project -key date_generated -value "2017-11-10 15:52:15" -context "software_version_and_target_device"
# webtalk_add_data -client project -key product_version -value "SDK v2017.2" -context "software_version_and_target_device"
# webtalk_add_data -client project -key build_version -value "2017.2" -context "software_version_and_target_device"
# webtalk_add_data -client project -key os_platform -value "amd64" -context "software_version_and_target_device"
# webtalk_add_data -client project -key registration_id -value "174126023_174126024_207295007_909" -context "software_version_and_target_device"
# webtalk_add_data -client project -key tool_flow -value "SDK" -context "software_version_and_target_device"
# webtalk_add_data -client project -key beta -value "false" -context "software_version_and_target_device"
# webtalk_add_data -client project -key route_design -value "NA" -context "software_version_and_target_device"
# webtalk_add_data -client project -key target_family -value "NA" -context "software_version_and_target_device"
# webtalk_add_data -client project -key target_device -value "NA" -context "software_version_and_target_device"
# webtalk_add_data -client project -key target_package -value "NA" -context "software_version_and_target_device"
# webtalk_add_data -client project -key target_speed -value "NA" -context "software_version_and_target_device"
# webtalk_add_data -client project -key random_id -value "2potibh89vp3h123jfi5kkusl5" -context "software_version_and_target_device"
# webtalk_add_data -client project -key project_id -value "2017.2_4" -context "software_version_and_target_device"
# webtalk_add_data -client project -key project_iteration -value "4" -context "software_version_and_target_device"
# webtalk_add_data -client project -key os_name -value "Microsoft Windows 8 or later , 64-bit" -context "user_environment"
# webtalk_add_data -client project -key os_release -value "major release  (build 9200)" -context "user_environment"
# webtalk_add_data -client project -key cpu_name -value "Intel(R) Core(TM) i7 CPU         870  @ 2.93GHz" -context "user_environment"
# webtalk_add_data -client project -key cpu_speed -value "2926 MHz" -context "user_environment"
# webtalk_add_data -client project -key total_processors -value "1" -context "user_environment"
# webtalk_add_data -client project -key system_ram -value "17.000 GB" -context "user_environment"
# webtalk_register_client -client sdk
# webtalk_add_data -client sdk -key uid -value "1510338996718" -context "sdk\\\\bsp/1510338996718"
# webtalk_add_data -client sdk -key hwid -value "1510338844649" -context "sdk\\\\bsp/1510338996718"
# webtalk_add_data -client sdk -key os -value "standalone" -context "sdk\\\\bsp/1510338996718"
# webtalk_add_data -client sdk -key apptemplate -value "null" -context "sdk\\\\bsp/1510338996718"
# webtalk_add_data -client sdk -key RecordType -value "BSPCreation" -context "sdk\\\\bsp/1510338996718"
# webtalk_add_data -client sdk -key uid -value "1510339081529" -context "sdk\\\\application/1510339081529"
# webtalk_add_data -client sdk -key hwid -value "1510338844649" -context "sdk\\\\application/1510339081529"
# webtalk_add_data -client sdk -key bspid -value "1510338996718" -context "sdk\\\\application/1510339081529"
# webtalk_add_data -client sdk -key newbsp -value "false" -context "sdk\\\\application/1510339081529"
# webtalk_add_data -client sdk -key os -value "standalone" -context "sdk\\\\application/1510339081529"
# webtalk_add_data -client sdk -key apptemplate -value "hello_world" -context "sdk\\\\application/1510339081529"
# webtalk_add_data -client sdk -key RecordType -value "APPCreation" -context "sdk\\\\application/1510339081529"
# webtalk_add_data -client sdk -key LangUsed -value "C" -context "sdk\\\\application/1510339081529"
# webtalk_add_data -client sdk -key Procused -value "ps7_cortexa9" -context "sdk\\\\application/1510339081529"
# webtalk_add_data -client sdk -key projSize -value "438.60546875" -context "sdk\\\\application/1510339081529"
# webtalk_add_data -client sdk -key uid -value "NA" -context "sdk\\\\bsp/1510347134982"
# webtalk_add_data -client sdk -key RecordType -value "ToolUsage" -context "sdk\\\\bsp/1510347134982"
# webtalk_add_data -client sdk -key BootgenCount -value "0" -context "sdk\\\\bsp/1510347134982"
# webtalk_add_data -client sdk -key DebugCount -value "14" -context "sdk\\\\bsp/1510347134982"
# webtalk_add_data -client sdk -key PerfCount -value "0" -context "sdk\\\\bsp/1510347134982"
# webtalk_add_data -client sdk -key FlashCount -value "0" -context "sdk\\\\bsp/1510347134982"
# webtalk_add_data -client sdk -key CrossTriggCount -value "0" -context "sdk\\\\bsp/1510347134982"
# webtalk_add_data -client sdk -key QemuDebugCount -value "0" -context "sdk\\\\bsp/1510347134982"
# webtalk_transmit -clientid 2687314962 -regid "174126023_174126024_207295007_909" -xml C:\\TEMP\\3610_4\\1788287_1799919\\lab4\\lab4.sdk\\webtalk\\usage_statistics_ext_sdk.xml -html C:\\TEMP\\3610_4\\1788287_1799919\\lab4\\lab4.sdk\\webtalk\\usage_statistics_ext_sdk.html -wdm C:\\TEMP\\3610_4\\1788287_1799919\\lab4\\lab4.sdk\\webtalk\\sdk_webtalk.wdm -intro "<H3>SDK Usage Report</H3><BR>"
INFO: [Common 17-186] 'C:\TEMP\3610_4\1788287_1799919\lab4\lab4.sdk\webtalk\usage_statistics_ext_sdk.xml' has been successfully sent to Xilinx on Fri Nov 10 15:52:17 2017. For additional details about this file, please refer to the WebTalk help file at C:/Logiciels/Xilinx/SDK/2017.2/doc/webtalk_introduction.html.
# webtalk_terminate
INFO: [Common 17-206] Exiting Webtalk at Fri Nov 10 15:52:17 2017...
